2018-07-17 10:12:55.171  INFO 3824 --- [main] com.todo.FunDooApplication               : Starting FunDooApplication on adminstrator with PID 3824 (/home/administrator/Documents/workspace-sts-3.9.5.RELEASE/FunDoo/target/classes started by administrator in /home/administrator/Documents/workspace-sts-3.9.5.RELEASE/FunDoo)
2018-07-17 10:12:55.176  INFO 3824 --- [main] com.todo.FunDooApplication               : No active profile set, falling back to default profiles: default
2018-07-17 10:12:55.288  INFO 3824 --- [main] ConfigServletWebServerApplicationContext : Refreshing org.springframework.boot.web.servlet.context.AnnotationConfigServletWebServerApplicationContext@4c9f8c13: startup date [Tue Jul 17 10:12:55 IST 2018]; root of context hierarchy
2018-07-17 10:12:56.758  INFO 3824 --- [main] o.s.b.w.embedded.tomcat.TomcatWebServer  : Tomcat initialized with port(s): 8080 (http)
2018-07-17 10:12:56.771  INFO 3824 --- [main] o.apache.catalina.core.StandardService   : Starting service [Tomcat]
2018-07-17 10:12:56.772  INFO 3824 --- [main] org.apache.catalina.core.StandardEngine  : Starting Servlet Engine: Apache Tomcat/8.5.31
2018-07-17 10:12:56.775  INFO 3824 --- [localhost-startStop-1] o.a.catalina.core.AprLifecycleListener   : The APR based Apache Tomcat Native library which allows optimal performance in production environments was not found on the java.library.path: [/usr/java/packages/lib/amd64:/usr/lib64:/lib64:/lib:/usr/lib]
2018-07-17 10:12:56.823  INFO 3824 --- [localhost-startStop-1] o.a.c.c.C.[Tomcat].[localhost].[/]       : Initializing Spring embedded WebApplicationContext
2018-07-17 10:12:56.905  INFO 3824 --- [localhost-startStop-1] o.s.b.w.servlet.ServletRegistrationBean  : Servlet dispatcherServlet mapped to [/]
2018-07-17 10:12:56.908  INFO 3824 --- [localhost-startStop-1] o.s.b.w.servlet.FilterRegistrationBean   : Mapping filter: 'characterEncodingFilter' to: [/*]
2018-07-17 10:12:56.908  INFO 3824 --- [localhost-startStop-1] o.s.b.w.servlet.FilterRegistrationBean   : Mapping filter: 'hiddenHttpMethodFilter' to: [/*]
2018-07-17 10:12:56.909  INFO 3824 --- [localhost-startStop-1] o.s.b.w.servlet.FilterRegistrationBean   : Mapping filter: 'httpPutFormContentFilter' to: [/*]
2018-07-17 10:12:56.909  INFO 3824 --- [localhost-startStop-1] o.s.b.w.servlet.FilterRegistrationBean   : Mapping filter: 'requestContextFilter' to: [/*]
2018-07-17 10:12:57.133  INFO 3824 --- [main] org.mongodb.driver.cluster               : Cluster created with settings {hosts=[localhost:27017], mode=MULTIPLE, requiredClusterType=UNKNOWN, serverSelectionTimeout='30000 ms', maxWaitQueueSize=500}
2018-07-17 10:12:57.133  INFO 3824 --- [main] org.mongodb.driver.cluster               : Adding discovered server localhost:27017 to client view of cluster
2018-07-17 10:12:57.153  INFO 3824 --- [cluster-ClusterId{value='5b4d73d1839ab60ef0f7c6bf', description='null'}-localhost:27017] org.mongodb.driver.cluster               : Exception in monitor thread while connecting to server localhost:27017

com.mongodb.MongoSocketOpenException: Exception opening socket
	at com.mongodb.connection.SocketStream.open(SocketStream.java:62) ~[mongodb-driver-core-3.6.4.jar:na]
	at com.mongodb.connection.InternalStreamConnection.open(InternalStreamConnection.java:126) ~[mongodb-driver-core-3.6.4.jar:na]
	at com.mongodb.connection.DefaultServerMonitor$ServerMonitorRunnable.run(DefaultServerMonitor.java:114) ~[mongodb-driver-core-3.6.4.jar:na]
	at java.lang.Thread.run(Thread.java:748) [na:1.8.0_171]
Caused by: java.net.ConnectException: Connection refused (Connection refused)
	at java.net.PlainSocketImpl.socketConnect(Native Method) ~[na:1.8.0_171]
	at java.net.AbstractPlainSocketImpl.doConnect(AbstractPlainSocketImpl.java:350) ~[na:1.8.0_171]
	at java.net.AbstractPlainSocketImpl.connectToAddress(AbstractPlainSocketImpl.java:206) ~[na:1.8.0_171]
	at java.net.AbstractPlainSocketImpl.connect(AbstractPlainSocketImpl.java:188) ~[na:1.8.0_171]
	at java.net.SocksSocketImpl.connect(SocksSocketImpl.java:392) ~[na:1.8.0_171]
	at java.net.Socket.connect(Socket.java:589) ~[na:1.8.0_171]
	at com.mongodb.connection.SocketStreamHelper.initialize(SocketStreamHelper.java:59) ~[mongodb-driver-core-3.6.4.jar:na]
	at com.mongodb.connection.SocketStream.open(SocketStream.java:57) ~[mongodb-driver-core-3.6.4.jar:na]
	... 3 common frames omitted

2018-07-17 10:12:59.054  INFO 3824 --- [main] pertySourcedRequestMappingHandlerMapping : Mapped URL path [/v2/api-docs] onto method [public org.springframework.http.ResponseEntity<springfox.documentation.spring.web.json.Json> springfox.documentation.swagger2.web.Swagger2Controller.getDocumentation(java.lang.String,javax.servlet.http.HttpServletRequest)]
2018-07-17 10:12:59.379  INFO 3824 --- [main] o.s.j.e.a.AnnotationMBeanExporter        : Registering beans for JMX exposure on startup
2018-07-17 10:12:59.386  INFO 3824 --- [main] o.s.c.support.DefaultLifecycleProcessor  : Starting beans in phase 2147483647
2018-07-17 10:12:59.386  INFO 3824 --- [main] d.s.w.p.DocumentationPluginsBootstrapper : Context refreshed
2018-07-17 10:12:59.395  INFO 3824 --- [main] d.s.w.p.DocumentationPluginsBootstrapper : Found 1 custom documentation plugin(s)
2018-07-17 10:12:59.416  INFO 3824 --- [main] s.d.s.w.s.ApiListingReferenceScanner     : Scanning for api listing references
2018-07-17 10:12:59.660  INFO 3824 --- [main] o.s.b.w.embedded.tomcat.TomcatWebServer  : Tomcat started on port(s): 8080 (http) with context path ''
2018-07-17 10:12:59.667  INFO 3824 --- [main] com.todo.FunDooApplication               : Started FunDooApplication in 5.011 seconds (JVM running for 5.67)
2018-07-17 10:13:27.182  INFO 3824 --- [cluster-ClusterId{value='5b4d73d1839ab60ef0f7c6bf', description='null'}-localhost:27017] org.mongodb.driver.connection            : Opened connection [connectionId{localValue:4, serverValue:2}] to localhost:27017
2018-07-17 10:13:27.185  INFO 3824 --- [cluster-ClusterId{value='5b4d73d1839ab60ef0f7c6bf', description='null'}-localhost:27017] org.mongodb.driver.cluster               : Monitor thread successfully connected to server with description ServerDescription{address=localhost:27017, type=STANDALONE, state=CONNECTED, ok=true, version=ServerVersion{versionList=[3, 6, 5]}, minWireVersion=0, maxWireVersion=6, maxDocumentSize=16777216, logicalSessionTimeoutMinutes=30, roundTripTimeNanos=1952477}
2018-07-17 10:13:27.186  INFO 3824 --- [cluster-ClusterId{value='5b4d73d1839ab60ef0f7c6bf', description='null'}-localhost:27017] org.mongodb.driver.cluster               : Discovered cluster type of STANDALONE
2018-07-17 10:14:18.944  INFO 3824 --- [http-nio-8080-exec-1] o.a.c.c.C.[Tomcat].[localhost].[/]       : Initializing Spring FrameworkServlet 'dispatcherServlet'
2018-07-17 10:23:02.723  INFO 3824 --- [RMI TCP Connection(2)-127.0.0.1] inMXBeanRegistrar$SpringApplicationAdmin : Application shutdown requested.
2018-07-17 10:23:02.723  INFO 3824 --- [RMI TCP Connection(2)-127.0.0.1] ConfigServletWebServerApplicationContext : Closing org.springframework.boot.web.servlet.context.AnnotationConfigServletWebServerApplicationContext@4c9f8c13: startup date [Tue Jul 17 10:12:55 IST 2018]; root of context hierarchy
2018-07-17 10:23:02.725  INFO 3824 --- [RMI TCP Connection(2)-127.0.0.1] o.s.c.support.DefaultLifecycleProcessor  : Stopping beans in phase 2147483647
2018-07-17 10:23:02.726  INFO 3824 --- [RMI TCP Connection(2)-127.0.0.1] o.s.j.e.a.AnnotationMBeanExporter        : Unregistering JMX-exposed beans on shutdown
2018-07-17 10:40:14.955  INFO 4314 --- [main] com.todo.FunDooApplication               : Starting FunDooApplication on adminstrator with PID 4314 (/home/administrator/Documents/workspace-sts-3.9.5.RELEASE/FunDoo/target/classes started by administrator in /home/administrator/Documents/workspace-sts-3.9.5.RELEASE/FunDoo)
2018-07-17 10:40:14.957  INFO 4314 --- [main] com.todo.FunDooApplication               : No active profile set, falling back to default profiles: default
2018-07-17 10:40:14.983  INFO 4314 --- [main] ConfigServletWebServerApplicationContext : Refreshing org.springframework.boot.web.servlet.context.AnnotationConfigServletWebServerApplicationContext@3aefe5e5: startup date [Tue Jul 17 10:40:14 IST 2018]; root of context hierarchy
2018-07-17 10:40:15.824  INFO 4314 --- [main] o.s.b.w.embedded.tomcat.TomcatWebServer  : Tomcat initialized with port(s): 8080 (http)
2018-07-17 10:40:15.837  INFO 4314 --- [main] o.apache.catalina.core.StandardService   : Starting service [Tomcat]
2018-07-17 10:40:15.837  INFO 4314 --- [main] org.apache.catalina.core.StandardEngine  : Starting Servlet Engine: Apache Tomcat/8.5.31
2018-07-17 10:40:15.840  INFO 4314 --- [localhost-startStop-1] o.a.catalina.core.AprLifecycleListener   : The APR based Apache Tomcat Native library which allows optimal performance in production environments was not found on the java.library.path: [/usr/java/packages/lib/amd64:/usr/lib64:/lib64:/lib:/usr/lib]
2018-07-17 10:40:15.880  INFO 4314 --- [localhost-startStop-1] o.a.c.c.C.[Tomcat].[localhost].[/]       : Initializing Spring embedded WebApplicationContext
2018-07-17 10:40:15.943  INFO 4314 --- [localhost-startStop-1] o.s.b.w.servlet.ServletRegistrationBean  : Servlet dispatcherServlet mapped to [/]
2018-07-17 10:40:15.946  INFO 4314 --- [localhost-startStop-1] o.s.b.w.servlet.FilterRegistrationBean   : Mapping filter: 'characterEncodingFilter' to: [/*]
2018-07-17 10:40:15.947  INFO 4314 --- [localhost-startStop-1] o.s.b.w.servlet.FilterRegistrationBean   : Mapping filter: 'hiddenHttpMethodFilter' to: [/*]
2018-07-17 10:40:15.947  INFO 4314 --- [localhost-startStop-1] o.s.b.w.servlet.FilterRegistrationBean   : Mapping filter: 'httpPutFormContentFilter' to: [/*]
2018-07-17 10:40:15.947  INFO 4314 --- [localhost-startStop-1] o.s.b.w.servlet.FilterRegistrationBean   : Mapping filter: 'requestContextFilter' to: [/*]
2018-07-17 10:40:16.121  INFO 4314 --- [main] org.mongodb.driver.cluster               : Cluster created with settings {hosts=[localhost:27017], mode=MULTIPLE, requiredClusterType=UNKNOWN, serverSelectionTimeout='30000 ms', maxWaitQueueSize=500}
2018-07-17 10:40:16.122  INFO 4314 --- [main] org.mongodb.driver.cluster               : Adding discovered server localhost:27017 to client view of cluster
2018-07-17 10:40:16.152  INFO 4314 --- [cluster-ClusterId{value='5b4d7a38839ab610dacfcb67', description='null'}-localhost:27017] org.mongodb.driver.connection            : Opened connection [connectionId{localValue:1, serverValue:3}] to localhost:27017
2018-07-17 10:40:16.154  INFO 4314 --- [cluster-ClusterId{value='5b4d7a38839ab610dacfcb67', description='null'}-localhost:27017] org.mongodb.driver.cluster               : Monitor thread successfully connected to server with description ServerDescription{address=localhost:27017, type=STANDALONE, state=CONNECTED, ok=true, version=ServerVersion{versionList=[3, 6, 5]}, minWireVersion=0, maxWireVersion=6, maxDocumentSize=16777216, logicalSessionTimeoutMinutes=30, roundTripTimeNanos=1603328}
2018-07-17 10:40:16.155  INFO 4314 --- [cluster-ClusterId{value='5b4d7a38839ab610dacfcb67', description='null'}-localhost:27017] org.mongodb.driver.cluster               : Discovered cluster type of STANDALONE
2018-07-17 10:40:16.686  INFO 4314 --- [main] pertySourcedRequestMappingHandlerMapping : Mapped URL path [/v2/api-docs] onto method [public org.springframework.http.ResponseEntity<springfox.documentation.spring.web.json.Json> springfox.documentation.swagger2.web.Swagger2Controller.getDocumentation(java.lang.String,javax.servlet.http.HttpServletRequest)]
2018-07-17 10:40:16.995  INFO 4314 --- [main] o.s.j.e.a.AnnotationMBeanExporter        : Registering beans for JMX exposure on startup
2018-07-17 10:40:17.002  INFO 4314 --- [main] o.s.c.support.DefaultLifecycleProcessor  : Starting beans in phase 2147483647
2018-07-17 10:40:17.002  INFO 4314 --- [main] d.s.w.p.DocumentationPluginsBootstrapper : Context refreshed
2018-07-17 10:40:17.011  INFO 4314 --- [main] d.s.w.p.DocumentationPluginsBootstrapper : Found 1 custom documentation plugin(s)
2018-07-17 10:40:17.033  INFO 4314 --- [main] s.d.s.w.s.ApiListingReferenceScanner     : Scanning for api listing references
2018-07-17 10:40:17.194  INFO 4314 --- [main] o.s.b.w.embedded.tomcat.TomcatWebServer  : Tomcat started on port(s): 8080 (http) with context path ''
2018-07-17 10:40:17.196  INFO 4314 --- [main] com.todo.FunDooApplication               : Started FunDooApplication in 2.465 seconds (JVM running for 2.776)
2018-07-17 10:40:31.398  INFO 4314 --- [http-nio-8080-exec-1] o.a.c.c.C.[Tomcat].[localhost].[/]       : Initializing Spring FrameworkServlet 'dispatcherServlet'
2018-07-17 10:49:05.315  INFO 4314 --- [http-nio-8080-exec-5] org.mongodb.driver.connection            : Opened connection [connectionId{localValue:2, serverValue:4}] to localhost:27017
2018-07-17 10:49:05.396  INFO 4314 --- [http-nio-8080-exec-5] c.t.g.GlobalExceptionHandler             : Exception encountered at /fundoo/signupEmail already exist
2018-07-17 10:49:52.540  INFO 4314 --- [http-nio-8080-exec-10] com.todo.user.controller.UserController  : Employee registered with : roy.jayanta1201@gmail.com
2018-07-17 10:49:57.196  INFO 4314 --- [http-nio-8080-exec-10] com.todo.user.controller.UserController  : Activation link sent to email
2018-07-17 10:50:04.720  INFO 4314 --- [http-nio-8080-exec-7] com.todo.user.controller.UserController  : Account activated successfully
2018-07-17 10:50:27.960  INFO 4314 --- [http-nio-8080-exec-3] c.t.g.GlobalExceptionHandler             : Exception encountered at /fundoo/login:  Account not activated
2018-07-17 10:51:04.241  INFO 4314 --- [RMI TCP Connection(2)-127.0.0.1] inMXBeanRegistrar$SpringApplicationAdmin : Application shutdown requested.
2018-07-17 10:51:04.241  INFO 4314 --- [RMI TCP Connection(2)-127.0.0.1] ConfigServletWebServerApplicationContext : Closing org.springframework.boot.web.servlet.context.AnnotationConfigServletWebServerApplicationContext@3aefe5e5: startup date [Tue Jul 17 10:40:14 IST 2018]; root of context hierarchy
2018-07-17 10:51:04.244  INFO 4314 --- [RMI TCP Connection(2)-127.0.0.1] o.s.c.support.DefaultLifecycleProcessor  : Stopping beans in phase 2147483647
2018-07-17 10:51:04.244  INFO 4314 --- [RMI TCP Connection(2)-127.0.0.1] o.s.j.e.a.AnnotationMBeanExporter        : Unregistering JMX-exposed beans on shutdown
2018-07-17 10:51:04.248  INFO 4314 --- [RMI TCP Connection(2)-127.0.0.1] org.mongodb.driver.connection            : Closed connection [connectionId{localValue:2, serverValue:4}] to localhost:27017 because the pool has been closed.
2018-07-17 10:52:06.670  INFO 4616 --- [main] com.todo.FunDooApplication               : Starting FunDooApplication on adminstrator with PID 4616 (/home/administrator/Documents/workspace-sts-3.9.5.RELEASE/FunDoo/target/classes started by administrator in /home/administrator/Documents/workspace-sts-3.9.5.RELEASE/FunDoo)
2018-07-17 10:52:06.672  INFO 4616 --- [main] com.todo.FunDooApplication               : No active profile set, falling back to default profiles: default
2018-07-17 10:52:06.698  INFO 4616 --- [main] ConfigServletWebServerApplicationContext : Refreshing org.springframework.boot.web.servlet.context.AnnotationConfigServletWebServerApplicationContext@7ce3cb8e: startup date [Tue Jul 17 10:52:06 IST 2018]; root of context hierarchy
2018-07-17 10:52:07.480  INFO 4616 --- [main] o.s.b.w.embedded.tomcat.TomcatWebServer  : Tomcat initialized with port(s): 8080 (http)
2018-07-17 10:52:07.492  INFO 4616 --- [main] o.apache.catalina.core.StandardService   : Starting service [Tomcat]
2018-07-17 10:52:07.493  INFO 4616 --- [main] org.apache.catalina.core.StandardEngine  : Starting Servlet Engine: Apache Tomcat/8.5.31
2018-07-17 10:52:07.495  INFO 4616 --- [localhost-startStop-1] o.a.catalina.core.AprLifecycleListener   : The APR based Apache Tomcat Native library which allows optimal performance in production environments was not found on the java.library.path: [/usr/java/packages/lib/amd64:/usr/lib64:/lib64:/lib:/usr/lib]
2018-07-17 10:52:07.539  INFO 4616 --- [localhost-startStop-1] o.a.c.c.C.[Tomcat].[localhost].[/]       : Initializing Spring embedded WebApplicationContext
2018-07-17 10:52:07.611  INFO 4616 --- [localhost-startStop-1] o.s.b.w.servlet.ServletRegistrationBean  : Servlet dispatcherServlet mapped to [/]
2018-07-17 10:52:07.613  INFO 4616 --- [localhost-startStop-1] o.s.b.w.servlet.FilterRegistrationBean   : Mapping filter: 'characterEncodingFilter' to: [/*]
2018-07-17 10:52:07.613  INFO 4616 --- [localhost-startStop-1] o.s.b.w.servlet.FilterRegistrationBean   : Mapping filter: 'hiddenHttpMethodFilter' to: [/*]
2018-07-17 10:52:07.614  INFO 4616 --- [localhost-startStop-1] o.s.b.w.servlet.FilterRegistrationBean   : Mapping filter: 'httpPutFormContentFilter' to: [/*]
2018-07-17 10:52:07.614  INFO 4616 --- [localhost-startStop-1] o.s.b.w.servlet.FilterRegistrationBean   : Mapping filter: 'requestContextFilter' to: [/*]
2018-07-17 10:52:07.777  INFO 4616 --- [main] org.mongodb.driver.cluster               : Cluster created with settings {hosts=[localhost:27017], mode=MULTIPLE, requiredClusterType=UNKNOWN, serverSelectionTimeout='30000 ms', maxWaitQueueSize=500}
2018-07-17 10:52:07.777  INFO 4616 --- [main] org.mongodb.driver.cluster               : Adding discovered server localhost:27017 to client view of cluster
2018-07-17 10:52:07.805  INFO 4616 --- [cluster-ClusterId{value='5b4d7cff839ab61208648f88', description='null'}-localhost:27017] org.mongodb.driver.connection            : Opened connection [connectionId{localValue:1, serverValue:5}] to localhost:27017
2018-07-17 10:52:07.807  INFO 4616 --- [cluster-ClusterId{value='5b4d7cff839ab61208648f88', description='null'}-localhost:27017] org.mongodb.driver.cluster               : Monitor thread successfully connected to server with description ServerDescription{address=localhost:27017, type=STANDALONE, state=CONNECTED, ok=true, version=ServerVersion{versionList=[3, 6, 5]}, minWireVersion=0, maxWireVersion=6, maxDocumentSize=16777216, logicalSessionTimeoutMinutes=30, roundTripTimeNanos=1520120}
2018-07-17 10:52:07.808  INFO 4616 --- [cluster-ClusterId{value='5b4d7cff839ab61208648f88', description='null'}-localhost:27017] org.mongodb.driver.cluster               : Discovered cluster type of STANDALONE
2018-07-17 10:52:08.279  INFO 4616 --- [main] pertySourcedRequestMappingHandlerMapping : Mapped URL path [/v2/api-docs] onto method [public org.springframework.http.ResponseEntity<springfox.documentation.spring.web.json.Json> springfox.documentation.swagger2.web.Swagger2Controller.getDocumentation(java.lang.String,javax.servlet.http.HttpServletRequest)]
2018-07-17 10:52:08.567  INFO 4616 --- [main] o.s.j.e.a.AnnotationMBeanExporter        : Registering beans for JMX exposure on startup
2018-07-17 10:52:08.573  INFO 4616 --- [main] o.s.c.support.DefaultLifecycleProcessor  : Starting beans in phase 2147483647
2018-07-17 10:52:08.573  INFO 4616 --- [main] d.s.w.p.DocumentationPluginsBootstrapper : Context refreshed
2018-07-17 10:52:08.581  INFO 4616 --- [main] d.s.w.p.DocumentationPluginsBootstrapper : Found 1 custom documentation plugin(s)
2018-07-17 10:52:08.601  INFO 4616 --- [main] s.d.s.w.s.ApiListingReferenceScanner     : Scanning for api listing references
2018-07-17 10:52:08.746  INFO 4616 --- [main] o.s.b.w.embedded.tomcat.TomcatWebServer  : Tomcat started on port(s): 8080 (http) with context path ''
2018-07-17 10:52:08.750  INFO 4616 --- [main] com.todo.FunDooApplication               : Started FunDooApplication in 2.288 seconds (JVM running for 2.592)
2018-07-17 10:52:20.002  INFO 4616 --- [http-nio-8080-exec-1] o.a.c.c.C.[Tomcat].[localhost].[/]       : Initializing Spring FrameworkServlet 'dispatcherServlet'
2018-07-17 10:52:20.074  INFO 4616 --- [http-nio-8080-exec-1] org.mongodb.driver.connection            : Opened connection [connectionId{localValue:2, serverValue:6}] to localhost:27017
2018-07-17 10:52:20.336  INFO 4616 --- [http-nio-8080-exec-1] com.todo.user.controller.UserController  : Employee registered with : roy.jayanta1201@gmail.com
2018-07-17 10:52:25.191  INFO 4616 --- [http-nio-8080-exec-1] com.todo.user.controller.UserController  : Activation link sent to email
2018-07-17 10:52:45.702  INFO 4616 --- [http-nio-8080-exec-2] com.todo.user.controller.UserController  : Account activated successfully
2018-07-17 11:18:53.619  INFO 4616 --- [RMI TCP Connection(2)-127.0.0.1] inMXBeanRegistrar$SpringApplicationAdmin : Application shutdown requested.
2018-07-17 11:18:53.619  INFO 4616 --- [RMI TCP Connection(2)-127.0.0.1] ConfigServletWebServerApplicationContext : Closing org.springframework.boot.web.servlet.context.AnnotationConfigServletWebServerApplicationContext@7ce3cb8e: startup date [Tue Jul 17 10:52:06 IST 2018]; root of context hierarchy
2018-07-17 11:18:53.621  INFO 4616 --- [RMI TCP Connection(2)-127.0.0.1] o.s.c.support.DefaultLifecycleProcessor  : Stopping beans in phase 2147483647
2018-07-17 11:18:53.622  INFO 4616 --- [RMI TCP Connection(2)-127.0.0.1] o.s.j.e.a.AnnotationMBeanExporter        : Unregistering JMX-exposed beans on shutdown
2018-07-17 11:18:53.624  INFO 4616 --- [RMI TCP Connection(2)-127.0.0.1] org.mongodb.driver.connection            : Closed connection [connectionId{localValue:2, serverValue:6}] to localhost:27017 because the pool has been closed.
2018-07-17 11:36:29.741  INFO 5511 --- [main] com.todo.FunDooApplication               : Starting FunDooApplication on adminstrator with PID 5511 (/home/administrator/Documents/workspace-sts-3.9.5.RELEASE/FunDoo/target/classes started by administrator in /home/administrator/Documents/workspace-sts-3.9.5.RELEASE/FunDoo)
2018-07-17 11:36:29.743  INFO 5511 --- [main] com.todo.FunDooApplication               : No active profile set, falling back to default profiles: default
2018-07-17 11:36:29.768  INFO 5511 --- [main] ConfigServletWebServerApplicationContext : Refreshing org.springframework.boot.web.servlet.context.AnnotationConfigServletWebServerApplicationContext@659a969b: startup date [Tue Jul 17 11:36:29 IST 2018]; root of context hierarchy
2018-07-17 11:36:30.552  INFO 5511 --- [main] o.s.b.w.embedded.tomcat.TomcatWebServer  : Tomcat initialized with port(s): 8080 (http)
2018-07-17 11:36:30.565  INFO 5511 --- [main] o.apache.catalina.core.StandardService   : Starting service [Tomcat]
2018-07-17 11:36:30.565  INFO 5511 --- [main] org.apache.catalina.core.StandardEngine  : Starting Servlet Engine: Apache Tomcat/8.5.31
2018-07-17 11:36:30.568  INFO 5511 --- [localhost-startStop-1] o.a.catalina.core.AprLifecycleListener   : The APR based Apache Tomcat Native library which allows optimal performance in production environments was not found on the java.library.path: [/usr/java/packages/lib/amd64:/usr/lib64:/lib64:/lib:/usr/lib]
2018-07-17 11:36:30.617  INFO 5511 --- [localhost-startStop-1] o.a.c.c.C.[Tomcat].[localhost].[/]       : Initializing Spring embedded WebApplicationContext
2018-07-17 11:36:30.679  INFO 5511 --- [localhost-startStop-1] o.s.b.w.servlet.ServletRegistrationBean  : Servlet dispatcherServlet mapped to [/]
2018-07-17 11:36:30.682  INFO 5511 --- [localhost-startStop-1] o.s.b.w.servlet.FilterRegistrationBean   : Mapping filter: 'characterEncodingFilter' to: [/*]
2018-07-17 11:36:30.682  INFO 5511 --- [localhost-startStop-1] o.s.b.w.servlet.FilterRegistrationBean   : Mapping filter: 'hiddenHttpMethodFilter' to: [/*]
2018-07-17 11:36:30.682  INFO 5511 --- [localhost-startStop-1] o.s.b.w.servlet.FilterRegistrationBean   : Mapping filter: 'httpPutFormContentFilter' to: [/*]
2018-07-17 11:36:30.682  INFO 5511 --- [localhost-startStop-1] o.s.b.w.servlet.FilterRegistrationBean   : Mapping filter: 'requestContextFilter' to: [/*]
2018-07-17 11:36:30.854  INFO 5511 --- [main] org.mongodb.driver.cluster               : Cluster created with settings {hosts=[localhost:27017], mode=MULTIPLE, requiredClusterType=UNKNOWN, serverSelectionTimeout='30000 ms', maxWaitQueueSize=500}
2018-07-17 11:36:30.854  INFO 5511 --- [main] org.mongodb.driver.cluster               : Adding discovered server localhost:27017 to client view of cluster
2018-07-17 11:36:30.884  INFO 5511 --- [cluster-ClusterId{value='5b4d8766839ab615872341df', description='null'}-localhost:27017] org.mongodb.driver.connection            : Opened connection [connectionId{localValue:1, serverValue:7}] to localhost:27017
2018-07-17 11:36:30.886  INFO 5511 --- [cluster-ClusterId{value='5b4d8766839ab615872341df', description='null'}-localhost:27017] org.mongodb.driver.cluster               : Monitor thread successfully connected to server with description ServerDescription{address=localhost:27017, type=STANDALONE, state=CONNECTED, ok=true, version=ServerVersion{versionList=[3, 6, 5]}, minWireVersion=0, maxWireVersion=6, maxDocumentSize=16777216, logicalSessionTimeoutMinutes=30, roundTripTimeNanos=1609073}
2018-07-17 11:36:30.887  INFO 5511 --- [cluster-ClusterId{value='5b4d8766839ab615872341df', description='null'}-localhost:27017] org.mongodb.driver.cluster               : Discovered cluster type of STANDALONE
2018-07-17 11:36:31.360  INFO 5511 --- [main] pertySourcedRequestMappingHandlerMapping : Mapped URL path [/v2/api-docs] onto method [public org.springframework.http.ResponseEntity<springfox.documentation.spring.web.json.Json> springfox.documentation.swagger2.web.Swagger2Controller.getDocumentation(java.lang.String,javax.servlet.http.HttpServletRequest)]
2018-07-17 11:36:31.645  INFO 5511 --- [main] o.s.j.e.a.AnnotationMBeanExporter        : Registering beans for JMX exposure on startup
2018-07-17 11:36:31.652  INFO 5511 --- [main] o.s.c.support.DefaultLifecycleProcessor  : Starting beans in phase 2147483647
2018-07-17 11:36:31.652  INFO 5511 --- [main] d.s.w.p.DocumentationPluginsBootstrapper : Context refreshed
2018-07-17 11:36:31.660  INFO 5511 --- [main] d.s.w.p.DocumentationPluginsBootstrapper : Found 1 custom documentation plugin(s)
2018-07-17 11:36:31.681  INFO 5511 --- [main] s.d.s.w.s.ApiListingReferenceScanner     : Scanning for api listing references
2018-07-17 11:36:31.831  INFO 5511 --- [main] o.s.b.w.embedded.tomcat.TomcatWebServer  : Tomcat started on port(s): 8080 (http) with context path ''
2018-07-17 11:36:31.834  INFO 5511 --- [main] com.todo.FunDooApplication               : Started FunDooApplication in 2.304 seconds (JVM running for 2.609)
2018-07-17 11:37:06.300  INFO 5511 --- [http-nio-8080-exec-1] o.a.c.c.C.[Tomcat].[localhost].[/]       : Initializing Spring FrameworkServlet 'dispatcherServlet'
2018-07-17 11:40:03.353  INFO 5511 --- [RMI TCP Connection(2)-127.0.0.1] inMXBeanRegistrar$SpringApplicationAdmin : Application shutdown requested.
2018-07-17 11:40:03.354  INFO 5511 --- [RMI TCP Connection(2)-127.0.0.1] ConfigServletWebServerApplicationContext : Closing org.springframework.boot.web.servlet.context.AnnotationConfigServletWebServerApplicationContext@659a969b: startup date [Tue Jul 17 11:36:29 IST 2018]; root of context hierarchy
2018-07-17 11:40:03.356  INFO 5511 --- [RMI TCP Connection(2)-127.0.0.1] o.s.c.support.DefaultLifecycleProcessor  : Stopping beans in phase 2147483647
2018-07-17 11:40:03.357  INFO 5511 --- [RMI TCP Connection(2)-127.0.0.1] o.s.j.e.a.AnnotationMBeanExporter        : Unregistering JMX-exposed beans on shutdown
2018-07-17 11:40:21.475  INFO 5621 --- [main] com.todo.FunDooApplication               : Starting FunDooApplication on adminstrator with PID 5621 (/home/administrator/Documents/workspace-sts-3.9.5.RELEASE/FunDoo/target/classes started by administrator in /home/administrator/Documents/workspace-sts-3.9.5.RELEASE/FunDoo)
2018-07-17 11:40:21.477  INFO 5621 --- [main] com.todo.FunDooApplication               : No active profile set, falling back to default profiles: default
2018-07-17 11:40:21.502  INFO 5621 --- [main] ConfigServletWebServerApplicationContext : Refreshing org.springframework.boot.web.servlet.context.AnnotationConfigServletWebServerApplicationContext@659a969b: startup date [Tue Jul 17 11:40:21 IST 2018]; root of context hierarchy
2018-07-17 11:40:22.277  INFO 5621 --- [main] o.s.b.w.embedded.tomcat.TomcatWebServer  : Tomcat initialized with port(s): 8080 (http)
2018-07-17 11:40:22.291  INFO 5621 --- [main] o.apache.catalina.core.StandardService   : Starting service [Tomcat]
2018-07-17 11:40:22.291  INFO 5621 --- [main] org.apache.catalina.core.StandardEngine  : Starting Servlet Engine: Apache Tomcat/8.5.31
2018-07-17 11:40:22.295  INFO 5621 --- [localhost-startStop-1] o.a.catalina.core.AprLifecycleListener   : The APR based Apache Tomcat Native library which allows optimal performance in production environments was not found on the java.library.path: [/usr/java/packages/lib/amd64:/usr/lib64:/lib64:/lib:/usr/lib]
2018-07-17 11:40:22.340  INFO 5621 --- [localhost-startStop-1] o.a.c.c.C.[Tomcat].[localhost].[/]       : Initializing Spring embedded WebApplicationContext
2018-07-17 11:40:22.417  INFO 5621 --- [localhost-startStop-1] o.s.b.w.servlet.ServletRegistrationBean  : Servlet dispatcherServlet mapped to [/]
2018-07-17 11:40:22.420  INFO 5621 --- [localhost-startStop-1] o.s.b.w.servlet.FilterRegistrationBean   : Mapping filter: 'characterEncodingFilter' to: [/*]
2018-07-17 11:40:22.420  INFO 5621 --- [localhost-startStop-1] o.s.b.w.servlet.FilterRegistrationBean   : Mapping filter: 'hiddenHttpMethodFilter' to: [/*]
2018-07-17 11:40:22.421  INFO 5621 --- [localhost-startStop-1] o.s.b.w.servlet.FilterRegistrationBean   : Mapping filter: 'httpPutFormContentFilter' to: [/*]
2018-07-17 11:40:22.421  INFO 5621 --- [localhost-startStop-1] o.s.b.w.servlet.FilterRegistrationBean   : Mapping filter: 'requestContextFilter' to: [/*]
2018-07-17 11:40:22.594  INFO 5621 --- [main] org.mongodb.driver.cluster               : Cluster created with settings {hosts=[localhost:27017], mode=MULTIPLE, requiredClusterType=UNKNOWN, serverSelectionTimeout='30000 ms', maxWaitQueueSize=500}
2018-07-17 11:40:22.595  INFO 5621 --- [main] org.mongodb.driver.cluster               : Adding discovered server localhost:27017 to client view of cluster
2018-07-17 11:40:22.623  INFO 5621 --- [cluster-ClusterId{value='5b4d884e839ab615f5a3b02e', description='null'}-localhost:27017] org.mongodb.driver.connection            : Opened connection [connectionId{localValue:1, serverValue:8}] to localhost:27017
2018-07-17 11:40:22.625  INFO 5621 --- [cluster-ClusterId{value='5b4d884e839ab615f5a3b02e', description='null'}-localhost:27017] org.mongodb.driver.cluster               : Monitor thread successfully connected to server with description ServerDescription{address=localhost:27017, type=STANDALONE, state=CONNECTED, ok=true, version=ServerVersion{versionList=[3, 6, 5]}, minWireVersion=0, maxWireVersion=6, maxDocumentSize=16777216, logicalSessionTimeoutMinutes=30, roundTripTimeNanos=1542886}
2018-07-17 11:40:22.626  INFO 5621 --- [cluster-ClusterId{value='5b4d884e839ab615f5a3b02e', description='null'}-localhost:27017] org.mongodb.driver.cluster               : Discovered cluster type of STANDALONE
2018-07-17 11:40:23.091  INFO 5621 --- [main] pertySourcedRequestMappingHandlerMapping : Mapped URL path [/v2/api-docs] onto method [public org.springframework.http.ResponseEntity<springfox.documentation.spring.web.json.Json> springfox.documentation.swagger2.web.Swagger2Controller.getDocumentation(java.lang.String,javax.servlet.http.HttpServletRequest)]
2018-07-17 11:40:23.370  INFO 5621 --- [main] o.s.j.e.a.AnnotationMBeanExporter        : Registering beans for JMX exposure on startup
2018-07-17 11:40:23.377  INFO 5621 --- [main] o.s.c.support.DefaultLifecycleProcessor  : Starting beans in phase 2147483647
2018-07-17 11:40:23.377  INFO 5621 --- [main] d.s.w.p.DocumentationPluginsBootstrapper : Context refreshed
2018-07-17 11:40:23.384  INFO 5621 --- [main] d.s.w.p.DocumentationPluginsBootstrapper : Found 1 custom documentation plugin(s)
2018-07-17 11:40:23.403  INFO 5621 --- [main] s.d.s.w.s.ApiListingReferenceScanner     : Scanning for api listing references
2018-07-17 11:40:23.543  INFO 5621 --- [main] o.s.b.w.embedded.tomcat.TomcatWebServer  : Tomcat started on port(s): 8080 (http) with context path ''
2018-07-17 11:40:23.546  INFO 5621 --- [main] com.todo.FunDooApplication               : Started FunDooApplication in 2.285 seconds (JVM running for 2.588)
2018-07-17 11:40:28.832  INFO 5621 --- [http-nio-8080-exec-1] o.a.c.c.C.[Tomcat].[localhost].[/]       : Initializing Spring FrameworkServlet 'dispatcherServlet'
2018-07-17 11:41:01.240  INFO 5621 --- [http-nio-8080-exec-2] org.mongodb.driver.connection            : Opened connection [connectionId{localValue:2, serverValue:9}] to localhost:27017
2018-07-17 11:41:01.443  INFO 5621 --- [http-nio-8080-exec-2] c.t.u.controller.UserController          : Employee registered with : roy.jayanta1201@gmail.com
2018-07-17 11:41:06.244  INFO 5621 --- [http-nio-8080-exec-2] c.t.u.controller.UserController          : Activation link sent to email
2018-07-17 11:41:24.408  INFO 5621 --- [http-nio-8080-exec-6] c.t.u.controller.UserController          : Account activated successfully
2018-07-17 12:19:59.330  INFO 6387 --- [main] com.todo.FunDooApplication               : Starting FunDooApplication on adminstrator with PID 6387 (/home/administrator/Documents/workspace-sts-3.9.5.RELEASE/FunDoo/target/classes started by administrator in /home/administrator/Documents/workspace-sts-3.9.5.RELEASE/FunDoo)
2018-07-17 12:19:59.332  INFO 6387 --- [main] com.todo.FunDooApplication               : No active profile set, falling back to default profiles: default
2018-07-17 12:19:59.357  INFO 6387 --- [main] ConfigServletWebServerApplicationContext : Refreshing org.springframework.boot.web.servlet.context.AnnotationConfigServletWebServerApplicationContext@7880cdf3: startup date [Tue Jul 17 12:19:59 IST 2018]; root of context hierarchy
2018-07-17 12:20:00.147  INFO 6387 --- [main] o.s.b.w.embedded.tomcat.TomcatWebServer  : Tomcat initialized with port(s): 8080 (http)
2018-07-17 12:20:00.161  INFO 6387 --- [main] o.apache.catalina.core.StandardService   : Starting service [Tomcat]
2018-07-17 12:20:00.161  INFO 6387 --- [main] org.apache.catalina.core.StandardEngine  : Starting Servlet Engine: Apache Tomcat/8.5.31
2018-07-17 12:20:00.164  INFO 6387 --- [localhost-startStop-1] o.a.catalina.core.AprLifecycleListener   : The APR based Apache Tomcat Native library which allows optimal performance in production environments was not found on the java.library.path: [/usr/java/packages/lib/amd64:/usr/lib64:/lib64:/lib:/usr/lib]
2018-07-17 12:20:00.218  INFO 6387 --- [localhost-startStop-1] o.a.c.c.C.[Tomcat].[localhost].[/]       : Initializing Spring embedded WebApplicationContext
2018-07-17 12:20:00.283  INFO 6387 --- [localhost-startStop-1] o.s.b.w.servlet.ServletRegistrationBean  : Servlet dispatcherServlet mapped to [/]
2018-07-17 12:20:00.286  INFO 6387 --- [localhost-startStop-1] o.s.b.w.servlet.FilterRegistrationBean   : Mapping filter: 'characterEncodingFilter' to: [/*]
2018-07-17 12:20:00.286  INFO 6387 --- [localhost-startStop-1] o.s.b.w.servlet.FilterRegistrationBean   : Mapping filter: 'hiddenHttpMethodFilter' to: [/*]
2018-07-17 12:20:00.286  INFO 6387 --- [localhost-startStop-1] o.s.b.w.servlet.FilterRegistrationBean   : Mapping filter: 'httpPutFormContentFilter' to: [/*]
2018-07-17 12:20:00.286  INFO 6387 --- [localhost-startStop-1] o.s.b.w.servlet.FilterRegistrationBean   : Mapping filter: 'requestContextFilter' to: [/*]
2018-07-17 12:20:00.467  INFO 6387 --- [main] org.mongodb.driver.cluster               : Cluster created with settings {hosts=[localhost:27017], mode=MULTIPLE, requiredClusterType=UNKNOWN, serverSelectionTimeout='30000 ms', maxWaitQueueSize=500}
2018-07-17 12:20:00.467  INFO 6387 --- [main] org.mongodb.driver.cluster               : Adding discovered server localhost:27017 to client view of cluster
2018-07-17 12:20:00.496  INFO 6387 --- [cluster-ClusterId{value='5b4d9198839ab618f3602269', description='null'}-localhost:27017] org.mongodb.driver.connection            : Opened connection [connectionId{localValue:1, serverValue:10}] to localhost:27017
2018-07-17 12:20:00.498  INFO 6387 --- [cluster-ClusterId{value='5b4d9198839ab618f3602269', description='null'}-localhost:27017] org.mongodb.driver.cluster               : Monitor thread successfully connected to server with description ServerDescription{address=localhost:27017, type=STANDALONE, state=CONNECTED, ok=true, version=ServerVersion{versionList=[3, 6, 5]}, minWireVersion=0, maxWireVersion=6, maxDocumentSize=16777216, logicalSessionTimeoutMinutes=30, roundTripTimeNanos=1643674}
2018-07-17 12:20:00.499  INFO 6387 --- [cluster-ClusterId{value='5b4d9198839ab618f3602269', description='null'}-localhost:27017] org.mongodb.driver.cluster               : Discovered cluster type of STANDALONE
2018-07-17 12:20:00.974  INFO 6387 --- [main] pertySourcedRequestMappingHandlerMapping : Mapped URL path [/v2/api-docs] onto method [public org.springframework.http.ResponseEntity<springfox.documentation.spring.web.json.Json> springfox.documentation.swagger2.web.Swagger2Controller.getDocumentation(java.lang.String,javax.servlet.http.HttpServletRequest)]
2018-07-17 12:20:01.254  INFO 6387 --- [main] o.s.j.e.a.AnnotationMBeanExporter        : Registering beans for JMX exposure on startup
2018-07-17 12:20:01.261  INFO 6387 --- [main] o.s.c.support.DefaultLifecycleProcessor  : Starting beans in phase 2147483647
2018-07-17 12:20:01.261  INFO 6387 --- [main] d.s.w.p.DocumentationPluginsBootstrapper : Context refreshed
2018-07-17 12:20:01.269  INFO 6387 --- [main] d.s.w.p.DocumentationPluginsBootstrapper : Found 1 custom documentation plugin(s)
2018-07-17 12:20:01.288  INFO 6387 --- [main] s.d.s.w.s.ApiListingReferenceScanner     : Scanning for api listing references
2018-07-17 12:20:01.426 ERROR 6387 --- [main] o.apache.catalina.core.StandardService   : Failed to start connector [Connector[HTTP/1.1-8080]]

org.apache.catalina.LifecycleException: Failed to start component [Connector[HTTP/1.1-8080]]
	at org.apache.catalina.util.LifecycleBase.start(LifecycleBase.java:167) ~[tomcat-embed-core-8.5.31.jar:8.5.31]
	at org.apache.catalina.core.StandardService.addConnector(StandardService.java:225) ~[tomcat-embed-core-8.5.31.jar:8.5.31]
	at org.springframework.boot.web.embedded.tomcat.TomcatWebServer.addPreviouslyRemovedConnectors(TomcatWebServer.java:256) [spring-boot-2.0.3.RELEASE.jar:2.0.3.RELEASE]
	at org.springframework.boot.web.embedded.tomcat.TomcatWebServer.start(TomcatWebServer.java:198) [spring-boot-2.0.3.RELEASE.jar:2.0.3.RELEASE]
	at org.springframework.boot.web.servlet.context.ServletWebServerApplicationContext.startWebServer(ServletWebServerApplicationContext.java:300) [spring-boot-2.0.3.RELEASE.jar:2.0.3.RELEASE]
	at org.springframework.boot.web.servlet.context.ServletWebServerApplicationContext.finishRefresh(ServletWebServerApplicationContext.java:162) [spring-boot-2.0.3.RELEASE.jar:2.0.3.RELEASE]
	at org.springframework.context.support.AbstractApplicationContext.refresh(AbstractApplicationContext.java:553) [spring-context-5.0.7.RELEASE.jar:5.0.7.RELEASE]
	at org.springframework.boot.web.servlet.context.ServletWebServerApplicationContext.refresh(ServletWebServerApplicationContext.java:140) [spring-boot-2.0.3.RELEASE.jar:2.0.3.RELEASE]
	at org.springframework.boot.SpringApplication.refresh(SpringApplication.java:759) [spring-boot-2.0.3.RELEASE.jar:2.0.3.RELEASE]
	at org.springframework.boot.SpringApplication.refreshContext(SpringApplication.java:395) [spring-boot-2.0.3.RELEASE.jar:2.0.3.RELEASE]
	at org.springframework.boot.SpringApplication.run(SpringApplication.java:327) [spring-boot-2.0.3.RELEASE.jar:2.0.3.RELEASE]
	at org.springframework.boot.SpringApplication.run(SpringApplication.java:1255) [spring-boot-2.0.3.RELEASE.jar:2.0.3.RELEASE]
	at org.springframework.boot.SpringApplication.run(SpringApplication.java:1243) [spring-boot-2.0.3.RELEASE.jar:2.0.3.RELEASE]
	at com.todo.FunDooApplication.main(FunDooApplication.java:10) [classes/:na]
Caused by: org.apache.catalina.LifecycleException: Protocol handler start failed
	at org.apache.catalina.connector.Connector.startInternal(Connector.java:1020) ~[tomcat-embed-core-8.5.31.jar:8.5.31]
	at org.apache.catalina.util.LifecycleBase.start(LifecycleBase.java:150) ~[tomcat-embed-core-8.5.31.jar:8.5.31]
	... 13 common frames omitted
Caused by: java.net.BindException: Address already in use
	at sun.nio.ch.Net.bind0(Native Method) ~[na:1.8.0_171]
	at sun.nio.ch.Net.bind(Net.java:433) ~[na:1.8.0_171]
	at sun.nio.ch.Net.bind(Net.java:425) ~[na:1.8.0_171]
	at sun.nio.ch.ServerSocketChannelImpl.bind(ServerSocketChannelImpl.java:223) ~[na:1.8.0_171]
	at sun.nio.ch.ServerSocketAdaptor.bind(ServerSocketAdaptor.java:74) ~[na:1.8.0_171]
	at org.apache.tomcat.util.net.NioEndpoint.bind(NioEndpoint.java:210) ~[tomcat-embed-core-8.5.31.jar:8.5.31]
	at org.apache.tomcat.util.net.AbstractEndpoint.start(AbstractEndpoint.java:1150) ~[tomcat-embed-core-8.5.31.jar:8.5.31]
	at org.apache.coyote.AbstractProtocol.start(AbstractProtocol.java:591) ~[tomcat-embed-core-8.5.31.jar:8.5.31]
	at org.apache.catalina.connector.Connector.startInternal(Connector.java:1018) ~[tomcat-embed-core-8.5.31.jar:8.5.31]
	... 14 common frames omitted

2018-07-17 12:20:01.429  INFO 6387 --- [main] o.apache.catalina.core.StandardService   : Stopping service [Tomcat]
2018-07-17 12:20:01.437  INFO 6387 --- [main] ConditionEvaluationReportLoggingListener : 

Error starting ApplicationContext. To display the conditions report re-run your application with 'debug' enabled.
2018-07-17 12:20:01.440 ERROR 6387 --- [main] o.s.b.d.LoggingFailureAnalysisReporter   : 

***************************
APPLICATION FAILED TO START
***************************

Description:

The Tomcat connector configured to listen on port 8080 failed to start. The port may already be in use or the connector may be misconfigured.

Action:

Verify the connector's configuration, identify and stop any process that's listening on port 8080, or configure this application to listen on another port.

2018-07-17 12:20:01.440  INFO 6387 --- [main] ConfigServletWebServerApplicationContext : Closing org.springframework.boot.web.servlet.context.AnnotationConfigServletWebServerApplicationContext@7880cdf3: startup date [Tue Jul 17 12:19:59 IST 2018]; root of context hierarchy
2018-07-17 12:20:01.442  INFO 6387 --- [main] o.s.c.support.DefaultLifecycleProcessor  : Stopping beans in phase 2147483647
2018-07-17 12:20:01.443  INFO 6387 --- [main] o.s.j.e.a.AnnotationMBeanExporter        : Unregistering JMX-exposed beans on shutdown
2018-07-17 12:20:03.137  INFO 5621 --- [RMI TCP Connection(2)-127.0.0.1] inMXBeanRegistrar$SpringApplicationAdmin : Application shutdown requested.
2018-07-17 12:20:03.137  INFO 5621 --- [RMI TCP Connection(2)-127.0.0.1] ConfigServletWebServerApplicationContext : Closing org.springframework.boot.web.servlet.context.AnnotationConfigServletWebServerApplicationContext@659a969b: startup date [Tue Jul 17 11:40:21 IST 2018]; root of context hierarchy
2018-07-17 12:20:03.139  INFO 5621 --- [RMI TCP Connection(2)-127.0.0.1] o.s.c.support.DefaultLifecycleProcessor  : Stopping beans in phase 2147483647
2018-07-17 12:20:03.139  INFO 5621 --- [RMI TCP Connection(2)-127.0.0.1] o.s.j.e.a.AnnotationMBeanExporter        : Unregistering JMX-exposed beans on shutdown
2018-07-17 12:20:03.142  INFO 5621 --- [RMI TCP Connection(2)-127.0.0.1] org.mongodb.driver.connection            : Closed connection [connectionId{localValue:2, serverValue:9}] to localhost:27017 because the pool has been closed.
2018-07-17 12:20:13.556  INFO 6431 --- [main] com.todo.FunDooApplication               : Starting FunDooApplication on adminstrator with PID 6431 (/home/administrator/Documents/workspace-sts-3.9.5.RELEASE/FunDoo/target/classes started by administrator in /home/administrator/Documents/workspace-sts-3.9.5.RELEASE/FunDoo)
2018-07-17 12:20:13.559  INFO 6431 --- [main] com.todo.FunDooApplication               : No active profile set, falling back to default profiles: default
2018-07-17 12:20:13.583  INFO 6431 --- [main] ConfigServletWebServerApplicationContext : Refreshing org.springframework.boot.web.servlet.context.AnnotationConfigServletWebServerApplicationContext@69b2283a: startup date [Tue Jul 17 12:20:13 IST 2018]; root of context hierarchy
2018-07-17 12:20:14.383  INFO 6431 --- [main] o.s.b.w.embedded.tomcat.TomcatWebServer  : Tomcat initialized with port(s): 8080 (http)
2018-07-17 12:20:14.396  INFO 6431 --- [main] o.apache.catalina.core.StandardService   : Starting service [Tomcat]
2018-07-17 12:20:14.396  INFO 6431 --- [main] org.apache.catalina.core.StandardEngine  : Starting Servlet Engine: Apache Tomcat/8.5.31
2018-07-17 12:20:14.399  INFO 6431 --- [localhost-startStop-1] o.a.catalina.core.AprLifecycleListener   : The APR based Apache Tomcat Native library which allows optimal performance in production environments was not found on the java.library.path: [/usr/java/packages/lib/amd64:/usr/lib64:/lib64:/lib:/usr/lib]
2018-07-17 12:20:14.442  INFO 6431 --- [localhost-startStop-1] o.a.c.c.C.[Tomcat].[localhost].[/]       : Initializing Spring embedded WebApplicationContext
2018-07-17 12:20:14.508  INFO 6431 --- [localhost-startStop-1] o.s.b.w.servlet.ServletRegistrationBean  : Servlet dispatcherServlet mapped to [/]
2018-07-17 12:20:14.510  INFO 6431 --- [localhost-startStop-1] o.s.b.w.servlet.FilterRegistrationBean   : Mapping filter: 'characterEncodingFilter' to: [/*]
2018-07-17 12:20:14.511  INFO 6431 --- [localhost-startStop-1] o.s.b.w.servlet.FilterRegistrationBean   : Mapping filter: 'hiddenHttpMethodFilter' to: [/*]
2018-07-17 12:20:14.511  INFO 6431 --- [localhost-startStop-1] o.s.b.w.servlet.FilterRegistrationBean   : Mapping filter: 'httpPutFormContentFilter' to: [/*]
2018-07-17 12:20:14.511  INFO 6431 --- [localhost-startStop-1] o.s.b.w.servlet.FilterRegistrationBean   : Mapping filter: 'requestContextFilter' to: [/*]
2018-07-17 12:20:14.686  INFO 6431 --- [main] org.mongodb.driver.cluster               : Cluster created with settings {hosts=[localhost:27017], mode=MULTIPLE, requiredClusterType=UNKNOWN, serverSelectionTimeout='30000 ms', maxWaitQueueSize=500}
2018-07-17 12:20:14.687  INFO 6431 --- [main] org.mongodb.driver.cluster               : Adding discovered server localhost:27017 to client view of cluster
2018-07-17 12:20:14.717  INFO 6431 --- [cluster-ClusterId{value='5b4d91a6839ab6191fdfe6d3', description='null'}-localhost:27017] org.mongodb.driver.connection            : Opened connection [connectionId{localValue:1, serverValue:11}] to localhost:27017
2018-07-17 12:20:14.719  INFO 6431 --- [cluster-ClusterId{value='5b4d91a6839ab6191fdfe6d3', description='null'}-localhost:27017] org.mongodb.driver.cluster               : Monitor thread successfully connected to server with description ServerDescription{address=localhost:27017, type=STANDALONE, state=CONNECTED, ok=true, version=ServerVersion{versionList=[3, 6, 5]}, minWireVersion=0, maxWireVersion=6, maxDocumentSize=16777216, logicalSessionTimeoutMinutes=30, roundTripTimeNanos=1596522}
2018-07-17 12:20:14.720  INFO 6431 --- [cluster-ClusterId{value='5b4d91a6839ab6191fdfe6d3', description='null'}-localhost:27017] org.mongodb.driver.cluster               : Discovered cluster type of STANDALONE
2018-07-17 12:20:15.192  INFO 6431 --- [main] pertySourcedRequestMappingHandlerMapping : Mapped URL path [/v2/api-docs] onto method [public org.springframework.http.ResponseEntity<springfox.documentation.spring.web.json.Json> springfox.documentation.swagger2.web.Swagger2Controller.getDocumentation(java.lang.String,javax.servlet.http.HttpServletRequest)]
2018-07-17 12:20:15.463  INFO 6431 --- [main] o.s.j.e.a.AnnotationMBeanExporter        : Registering beans for JMX exposure on startup
2018-07-17 12:20:15.469  INFO 6431 --- [main] o.s.c.support.DefaultLifecycleProcessor  : Starting beans in phase 2147483647
2018-07-17 12:20:15.469  INFO 6431 --- [main] d.s.w.p.DocumentationPluginsBootstrapper : Context refreshed
2018-07-17 12:20:15.477  INFO 6431 --- [main] d.s.w.p.DocumentationPluginsBootstrapper : Found 1 custom documentation plugin(s)
2018-07-17 12:20:15.496  INFO 6431 --- [main] s.d.s.w.s.ApiListingReferenceScanner     : Scanning for api listing references
2018-07-17 12:20:15.639  INFO 6431 --- [main] o.s.b.w.embedded.tomcat.TomcatWebServer  : Tomcat started on port(s): 8080 (http) with context path ''
2018-07-17 12:20:15.641  INFO 6431 --- [main] com.todo.FunDooApplication               : Started FunDooApplication in 2.287 seconds (JVM running for 2.623)
